<?xml version="1.0" encoding="UTF-8"?>
<testng-results skipped="0" failed="0" ignored="0" total="1" passed="1">
  <reporter-output>
  </reporter-output>
  <suite name="Default suite" duration-ms="109" started-at="2020-09-13T12:39:35 IST" finished-at="2020-09-13T12:39:35 IST">
    <groups>
    </groups>
    <test name="Default test" duration-ms="109" started-at="2020-09-13T12:39:35 IST" finished-at="2020-09-13T12:39:35 IST">
      <class name="Hello">
        <test-method status="PASS" signature="hello()[pri:0, instance:Hello@9660f4e]" name="hello" duration-ms="20" started-at="2020-09-13T12:39:35 IST" finished-at="2020-09-13T12:39:35 IST">
          <reporter-output>
          </reporter-output>
        </test-method> <!-- hello -->
      </class> <!-- Hello -->
    </test> <!-- Default test -->
  </suite> <!-- Default suite -->
</testng-results>
